2020-03-03 20:18:23,895 INFO [org.springframework.test.context.support.DefaultTestContextBootstrapper] - Loaded default TestExecutionListener class names from location [META-INF/spring.factories]: [org.springframework.test.context.web.ServletTestExecutionListener, org.springframework.test.context.support.DirtiesContextBeforeModesTestExecutionListener, org.springframework.test.context.support.DependencyInjectionTestExecutionListener, org.springframework.test.context.support.DirtiesContextTestExecutionListener, org.springframework.test.context.transaction.TransactionalTestExecutionListener, org.springframework.test.context.jdbc.SqlScriptsTestExecutionListener]
2020-03-03 20:18:23,945 INFO [org.springframework.test.context.support.DefaultTestContextBootstrapper] - Using TestExecutionListeners: [org.springframework.test.context.web.ServletTestExecutionListener@68be2bc2, org.springframework.test.context.support.DirtiesContextBeforeModesTestExecutionListener@28feb3fa, org.springframework.test.context.support.DependencyInjectionTestExecutionListener@675d3402, org.springframework.test.context.support.DirtiesContextTestExecutionListener@51565ec2, org.springframework.test.context.transaction.TransactionalTestExecutionListener@482f8f11, org.springframework.test.context.jdbc.SqlScriptsTestExecutionListener@1593948d]
2020-03-03 20:18:24,203 INFO [org.springframework.beans.factory.xml.XmlBeanDefinitionReader] - Loading XML bean definitions from class path resource [spring-context.xml]
2020-03-03 20:18:24,767 INFO [org.springframework.beans.factory.xml.XmlBeanDefinitionReader] - Loading XML bean definitions from class path resource [spring-context-druid.xml]
2020-03-03 20:18:24,862 INFO [org.springframework.beans.factory.xml.XmlBeanDefinitionReader] - Loading XML bean definitions from class path resource [spring-context-mybatis.xml]
2020-03-03 20:18:24,934 INFO [org.springframework.context.support.GenericApplicationContext] - Refreshing org.springframework.context.support.GenericApplicationContext@56ef9176: startup date [Tue Mar 03 20:18:24 CST 2020]; root of context hierarchy
2020-03-03 20:18:26,517 INFO [com.alibaba.druid.pool.DruidDataSource] - {dataSource-1} inited
2020-03-03 20:18:27,309 INFO [org.springframework.context.support.GenericApplicationContext] - Closing org.springframework.context.support.GenericApplicationContext@56ef9176: startup date [Tue Mar 03 20:18:24 CST 2020]; root of context hierarchy
2020-03-03 20:18:27,316 INFO [com.alibaba.druid.pool.DruidDataSource] - {dataSource-1} closed
2020-03-03 20:51:29,304 INFO [org.springframework.test.context.support.DefaultTestContextBootstrapper] - Loaded default TestExecutionListener class names from location [META-INF/spring.factories]: [org.springframework.test.context.web.ServletTestExecutionListener, org.springframework.test.context.support.DirtiesContextBeforeModesTestExecutionListener, org.springframework.test.context.support.DependencyInjectionTestExecutionListener, org.springframework.test.context.support.DirtiesContextTestExecutionListener, org.springframework.test.context.transaction.TransactionalTestExecutionListener, org.springframework.test.context.jdbc.SqlScriptsTestExecutionListener]
2020-03-03 20:51:29,341 INFO [org.springframework.test.context.support.DefaultTestContextBootstrapper] - Using TestExecutionListeners: [org.springframework.test.context.web.ServletTestExecutionListener@68be2bc2, org.springframework.test.context.support.DirtiesContextBeforeModesTestExecutionListener@28feb3fa, org.springframework.test.context.support.DependencyInjectionTestExecutionListener@675d3402, org.springframework.test.context.support.DirtiesContextTestExecutionListener@51565ec2, org.springframework.test.context.transaction.TransactionalTestExecutionListener@482f8f11, org.springframework.test.context.jdbc.SqlScriptsTestExecutionListener@1593948d]
2020-03-03 20:51:29,554 INFO [org.springframework.beans.factory.xml.XmlBeanDefinitionReader] - Loading XML bean definitions from class path resource [spring-context.xml]
2020-03-03 20:51:30,053 INFO [org.springframework.beans.factory.xml.XmlBeanDefinitionReader] - Loading XML bean definitions from class path resource [spring-context-druid.xml]
2020-03-03 20:51:30,183 INFO [org.springframework.beans.factory.xml.XmlBeanDefinitionReader] - Loading XML bean definitions from class path resource [spring-context-mybatis.xml]
2020-03-03 20:51:30,303 INFO [org.springframework.context.support.GenericApplicationContext] - Refreshing org.springframework.context.support.GenericApplicationContext@56ef9176: startup date [Tue Mar 03 20:51:30 CST 2020]; root of context hierarchy
2020-03-03 20:51:32,512 INFO [com.alibaba.druid.pool.DruidDataSource] - {dataSource-1} inited
2020-03-03 20:51:33,329 INFO [org.springframework.context.support.GenericApplicationContext] - Closing org.springframework.context.support.GenericApplicationContext@56ef9176: startup date [Tue Mar 03 20:51:30 CST 2020]; root of context hierarchy
2020-03-03 20:51:33,336 INFO [com.alibaba.druid.pool.DruidDataSource] - {dataSource-1} closed
2020-03-03 21:09:33,984 INFO [org.springframework.test.context.support.DefaultTestContextBootstrapper] - Loaded default TestExecutionListener class names from location [META-INF/spring.factories]: [org.springframework.test.context.web.ServletTestExecutionListener, org.springframework.test.context.support.DirtiesContextBeforeModesTestExecutionListener, org.springframework.test.context.support.DependencyInjectionTestExecutionListener, org.springframework.test.context.support.DirtiesContextTestExecutionListener, org.springframework.test.context.transaction.TransactionalTestExecutionListener, org.springframework.test.context.jdbc.SqlScriptsTestExecutionListener]
2020-03-03 21:09:34,007 INFO [org.springframework.test.context.support.DefaultTestContextBootstrapper] - Using TestExecutionListeners: [org.springframework.test.context.web.ServletTestExecutionListener@68be2bc2, org.springframework.test.context.support.DirtiesContextBeforeModesTestExecutionListener@28feb3fa, org.springframework.test.context.support.DependencyInjectionTestExecutionListener@675d3402, org.springframework.test.context.support.DirtiesContextTestExecutionListener@51565ec2, org.springframework.test.context.transaction.TransactionalTestExecutionListener@482f8f11, org.springframework.test.context.jdbc.SqlScriptsTestExecutionListener@1593948d]
2020-03-03 21:09:34,269 INFO [org.springframework.beans.factory.xml.XmlBeanDefinitionReader] - Loading XML bean definitions from class path resource [spring-context.xml]
2020-03-03 21:09:34,610 INFO [org.springframework.beans.factory.xml.XmlBeanDefinitionReader] - Loading XML bean definitions from class path resource [spring-context-druid.xml]
2020-03-03 21:09:34,680 INFO [org.springframework.beans.factory.xml.XmlBeanDefinitionReader] - Loading XML bean definitions from class path resource [spring-context-mybatis.xml]
2020-03-03 21:09:34,722 INFO [org.springframework.context.support.GenericApplicationContext] - Refreshing org.springframework.context.support.GenericApplicationContext@56ef9176: startup date [Tue Mar 03 21:09:34 CST 2020]; root of context hierarchy
2020-03-03 21:09:36,035 INFO [com.alibaba.druid.pool.DruidDataSource] - {dataSource-1} inited
2020-03-03 21:09:36,992 INFO [org.springframework.context.support.GenericApplicationContext] - Closing org.springframework.context.support.GenericApplicationContext@56ef9176: startup date [Tue Mar 03 21:09:34 CST 2020]; root of context hierarchy
2020-03-03 21:09:37,000 INFO [com.alibaba.druid.pool.DruidDataSource] - {dataSource-1} closed
